Assuming unrestricted shared filesystem usage.
host: LAPTOP-E6EUI1RK
Building DAG of jobs...
Provided cores: 1 (use --cores to define parallelism)
Rules claiming more threads will be scaled down.
Job stats:
job                 count
----------------  -------
split_by_species        1
total                   1

Select jobs to execute...
Execute 1 jobs...
[Sat Nov 22 20:32:03 2025]
localrule split_by_species:
    input: data/seqs-RNA.fasta.txt
    output: results/per_species
    jobid: 0
    reason: Missing output files: results/per_species
    resources: tmpdir=C:\Users\Micro\AppData\Local\Temp
[Sat Nov 22 20:32:04 2025]
Finished jobid: 0 (Rule: split_by_species)
1 of 1 steps (100%) done
Complete log(s): C:\Users\Micro\OneDrive\Documents\AMARI LAMIS\Bio info\Tp Hpc\Tp2\.snakemake\log\2025-11-22T203203.778989.snakemake.log
