Assuming unrestricted shared filesystem usage.
host: LAPTOP-E6EUI1RK
Building DAG of jobs...
Provided cores: 4
Rules claiming more threads will be scaled down.
Job stats:
job              count
-------------  -------
all                  1
annotate            58
iqtree_build        58
mafft_align         58
quality_check       58
total              233

Select jobs to execute...
Execute 4 jobs...
[Sun Nov 23 01:43:40 2025]
localrule annotate:
    input: results/per_species/Archaeoglobus_fulgidus_#.fasta
    output: results/annotated/Archaeoglobus_fulgidus_#.fasta
    jobid: 61
    reason: Missing output files: results/annotated/Archaeoglobus_fulgidus_#.fasta
    wildcards: species=Archaeoglobus_fulgidus_#
    resources: tmpdir=C:\Users\Micro\AppData\Local\Temp
[Sun Nov 23 01:43:40 2025]
localrule quality_check:
    input: results/per_species/Methanospirillum_hungatii_#.fasta
    output: results/qc/Methanospirillum_hungatii_#.qc.txt
    jobid: 31
    reason: Missing output files: results/qc/Methanospirillum_hungatii_#.qc.txt
    wildcards: species=Methanospirillum_hungatii_#
    resources: tmpdir=C:\Users\Micro\AppData\Local\Temp
[Sun Nov 23 01:43:40 2025]
localrule quality_check:
    input: results/per_species/Bacillus_stearothermophilus_#.fasta
    output: results/qc/Bacillus_stearothermophilus_#.qc.txt
    jobid: 4
    reason: Missing output files: results/qc/Bacillus_stearothermophilus_#.qc.txt
    wildcards: species=Bacillus_stearothermophilus_#
    resources: tmpdir=C:\Users\Micro\AppData\Local\Temp
[Sun Nov 23 01:43:40 2025]
localrule quality_check:
    input: results/per_species/Thermotoga_maritima_#.fasta
    output: results/qc/Thermotoga_maritima_#.qc.txt
    jobid: 56
    reason: Missing output files: results/qc/Thermotoga_maritima_#.qc.txt
    wildcards: species=Thermotoga_maritima_#
    resources: tmpdir=C:\Users\Micro\AppData\Local\Temp
[Sun Nov 23 01:43:40 2025]
Finished jobid: 31 (Rule: quality_check)
1 of 233 steps (0.4%) done
[Sun Nov 23 01:43:40 2025]
Finished jobid: 61 (Rule: annotate)
2 of 233 steps (1%) done
Select jobs to execute...
Execute 2 jobs...
[Sun Nov 23 01:43:40 2025]
localrule annotate:
    input: results/per_species/Mus_musculus_#.fasta
    output: results/annotated/Mus_musculus_#.fasta
    jobid: 91
    reason: Missing output files: results/annotated/Mus_musculus_#.fasta
    wildcards: species=Mus_musculus_#
    resources: tmpdir=C:\Users\Micro\AppData\Local\Temp
[Sun Nov 23 01:43:40 2025]
localrule annotate:
    input: results/per_species/Bacillus_stearothermophilus_#.fasta
    output: results/annotated/Bacillus_stearothermophilus_#.fasta
    jobid: 62
    reason: Missing output files: results/annotated/Bacillus_stearothermophilus_#.fasta
    wildcards: species=Bacillus_stearothermophilus_#
    resources: tmpdir=C:\Users\Micro\AppData\Local\Temp
[Sun Nov 23 01:43:40 2025]
Finished jobid: 56 (Rule: quality_check)
3 of 233 steps (1%) done
[Sun Nov 23 01:43:40 2025]
Finished jobid: 4 (Rule: quality_check)
4 of 233 steps (2%) done
[Sun Nov 23 01:43:40 2025]
Finished jobid: 91 (Rule: annotate)
5 of 233 steps (2%) done
[Sun Nov 23 01:43:40 2025]
Finished jobid: 62 (Rule: annotate)
6 of 233 steps (3%) done
Select jobs to execute...
Execute 4 jobs...
[Sun Nov 23 01:43:40 2025]
localrule quality_check:
    input: results/per_species/Micrococcus_luteus_#.fasta
    output: results/qc/Micrococcus_luteus_#.qc.txt
    jobid: 32
    reason: Missing output files: results/qc/Micrococcus_luteus_#.qc.txt
    wildcards: species=Micrococcus_luteus_#
    resources: tmpdir=C:\Users\Micro\AppData\Local\Temp
[Sun Nov 23 01:43:40 2025]
localrule annotate:
    input: results/per_species/Mycobacterium_leprae_#.fasta
    output: results/annotated/Mycobacterium_leprae_#.fasta
    jobid: 92
    reason: Missing output files: results/annotated/Mycobacterium_leprae_#.fasta
    wildcards: species=Mycobacterium_leprae_#
    resources: tmpdir=C:\Users\Micro\AppData\Local\Temp
[Sun Nov 23 01:43:40 2025]
localrule annotate:
    input: results/per_species/Chloroplast_Astasia_longa_#.fasta
    output: results/annotated/Chloroplast_Astasia_longa_#.fasta
    jobid: 65
    reason: Missing output files: results/annotated/Chloroplast_Astasia_longa_#.fasta
    wildcards: species=Chloroplast_Astasia_longa_#
    resources: tmpdir=C:\Users\Micro\AppData\Local\Temp
[Sun Nov 23 01:43:40 2025]
localrule quality_check:
    input: results/per_species/Herdmania_momus_#.fasta
    output: results/qc/Herdmania_momus_#.qc.txt
    jobid: 28
    reason: Missing output files: results/qc/Herdmania_momus_#.qc.txt
    wildcards: species=Herdmania_momus_#
    resources: tmpdir=C:\Users\Micro\AppData\Local\Temp
[Sun Nov 23 01:43:40 2025]
Finished jobid: 32 (Rule: quality_check)
7 of 233 steps (3%) done
[Sun Nov 23 01:43:40 2025]
Finished jobid: 92 (Rule: annotate)
8 of 233 steps (3%) done
[Sun Nov 23 01:43:40 2025]
Finished jobid: 65 (Rule: annotate)
9 of 233 steps (4%) done
Select jobs to execute...
Execute 3 jobs...
[Sun Nov 23 01:43:40 2025]
localrule annotate:
    input: results/per_species/Bacillus_subtilis_23S_#.fasta
    output: results/annotated/Bacillus_subtilis_23S_#.fasta
    jobid: 63
    reason: Missing output files: results/annotated/Bacillus_subtilis_23S_#.fasta
    wildcards: species=Bacillus_subtilis_23S_#
    resources: tmpdir=C:\Users\Micro\AppData\Local\Temp
[Sun Nov 23 01:43:40 2025]
localrule mafft_align:
    input: results/annotated/Chloroplast_Astasia_longa_#.fasta
    output: results/aligned/Chloroplast_Astasia_longa_#.aln.fasta
    jobid: 123
    benchmark: benchmarks/mafft_Chloroplast_Astasia_longa_#.txt
    reason: Missing output files: results/aligned/Chloroplast_Astasia_longa_#.aln.fasta; Input files updated by another job: results/annotated/Chloroplast_Astasia_longa_#.fasta
    wildcards: species=Chloroplast_Astasia_longa_#
    resources: tmpdir=C:\Users\Micro\AppData\Local\Temp
[Sun Nov 23 01:43:40 2025]
localrule annotate:
    input: results/per_species/Pirellula_marina_#.fasta
    output: results/annotated/Pirellula_marina_#.fasta
    jobid: 95
    reason: Missing output files: results/annotated/Pirellula_marina_#.fasta
    wildcards: species=Pirellula_marina_#
    resources: tmpdir=C:\Users\Micro\AppData\Local\Temp
[Sun Nov 23 01:43:40 2025]
Finished jobid: 28 (Rule: quality_check)
10 of 233 steps (4%) done
[Sun Nov 23 01:43:40 2025]
Finished jobid: 63 (Rule: annotate)
11 of 233 steps (5%) done
Select jobs to execute...
Execute 2 jobs...
[Sun Nov 23 01:43:40 2025]
localrule mafft_align:
    input: results/annotated/Bacillus_subtilis_23S_#.fasta
    output: results/aligned/Bacillus_subtilis_23S_#.aln.fasta
    jobid: 121
    benchmark: benchmarks/mafft_Bacillus_subtilis_23S_#.txt
    reason: Missing output files: results/aligned/Bacillus_subtilis_23S_#.aln.fasta; Input files updated by another job: results/annotated/Bacillus_subtilis_23S_#.fasta
    wildcards: species=Bacillus_subtilis_23S_#
    resources: tmpdir=C:\Users\Micro\AppData\Local\Temp
[Sun Nov 23 01:43:40 2025]
localrule quality_check:
    input: results/per_species/Archaeoglobus_fulgidus_#.fasta
    output: results/qc/Archaeoglobus_fulgidus_#.qc.txt
    jobid: 3
    reason: Missing output files: results/qc/Archaeoglobus_fulgidus_#.qc.txt
    wildcards: species=Archaeoglobus_fulgidus_#
    resources: tmpdir=C:\Users\Micro\AppData\Local\Temp
[Sun Nov 23 01:43:40 2025]
Finished jobid: 95 (Rule: annotate)
12 of 233 steps (5%) done
Select jobs to execute...
Execute 1 jobs...
[Sun Nov 23 01:43:41 2025]
localrule quality_check:
    input: results/per_species/Halococcus_morrhuae_#.fasta
    output: results/qc/Halococcus_morrhuae_#.qc.txt
    jobid: 26
    reason: Missing output files: results/qc/Halococcus_morrhuae_#.qc.txt
    wildcards: species=Halococcus_morrhuae_#
    resources: tmpdir=C:\Users\Micro\AppData\Local\Temp
[Sun Nov 23 01:43:41 2025]
Finished jobid: 3 (Rule: quality_check)
13 of 233 steps (6%) done
Select jobs to execute...
Execute 1 jobs...
[Sun Nov 23 01:43:41 2025]
localrule annotate:
    input: results/per_species/Herdmania_momus_#.fasta
    output: results/annotated/Herdmania_momus_#.fasta
    jobid: 86
    reason: Missing output files: results/annotated/Herdmania_momus_#.fasta
    wildcards: species=Herdmania_momus_#
    resources: tmpdir=C:\Users\Micro\AppData\Local\Temp
[Sun Nov 23 01:43:41 2025]
Finished jobid: 26 (Rule: quality_check)
14 of 233 steps (6%) done
[Sun Nov 23 01:43:41 2025]
Finished jobid: 86 (Rule: annotate)
15 of 233 steps (6%) done
Select jobs to execute...
Execute 2 jobs...
[Sun Nov 23 01:43:41 2025]
localrule mafft_align:
    input: results/annotated/Pirellula_marina_#.fasta
    output: results/aligned/Pirellula_marina_#.aln.fasta
    jobid: 153
    benchmark: benchmarks/mafft_Pirellula_marina_#.txt
    reason: Missing output files: results/aligned/Pirellula_marina_#.aln.fasta; Input files updated by another job: results/annotated/Pirellula_marina_#.fasta
    wildcards: species=Pirellula_marina_#
    resources: tmpdir=C:\Users\Micro\AppData\Local\Temp
[Sun Nov 23 01:43:41 2025]
localrule annotate:
    input: results/per_species/Oryza_sativa_#.fasta
    output: results/annotated/Oryza_sativa_#.fasta
    jobid: 93
    reason: Missing output files: results/annotated/Oryza_sativa_#.fasta
    wildcards: species=Oryza_sativa_#
    resources: tmpdir=C:\Users\Micro\AppData\Local\Temp
Select jobs to execute...
[Sun Nov 23 01:43:41 2025]
Finished jobid: 93 (Rule: annotate)
16 of 233 steps (7%) done
RuleException:
CalledProcessError in file "C:\Users\Micro\OneDrive\Documents\AMARI LAMIS\Bio info\Tp Hpc\Tp2\Snakefile", line 76:
Command 'mkdir -p results/aligned
        mafft --auto results/annotated/Pirellula_marina_#.fasta > results/aligned/Pirellula_marina_#.aln.fasta' returned non-zero exit status 1.
[Sun Nov 23 01:43:41 2025]
Error in rule mafft_align:
    message: None
    jobid: 153
    input: results/annotated/Pirellula_marina_#.fasta
    output: results/aligned/Pirellula_marina_#.aln.fasta
    shell:
        
        mkdir -p results/aligned
        mafft --auto results/annotated/Pirellula_marina_#.fasta > results/aligned/Pirellula_marina_#.aln.fasta
        
        (command exited with non-zero exit code)
RuleException:
NoSuchProcess in file "C:\Users\Micro\OneDrive\Documents\AMARI LAMIS\Bio info\Tp Hpc\Tp2\Snakefile", line 76:
process PID not found (pid=4092)
  File "C:\Users\Micro\miniconda3\envs\snakemake-env\Lib\site-packages\psutil\__init__.py", line 313, in __init__
  File "C:\Users\Micro\miniconda3\envs\snakemake-env\Lib\site-packages\psutil\__init__.py", line 359, in _init
RuleException:
NoSuchProcess in file "C:\Users\Micro\OneDrive\Documents\AMARI LAMIS\Bio info\Tp Hpc\Tp2\Snakefile", line 76:
process PID not found (pid=18136)
  File "C:\Users\Micro\miniconda3\envs\snakemake-env\Lib\site-packages\psutil\__init__.py", line 313, in __init__
  File "C:\Users\Micro\miniconda3\envs\snakemake-env\Lib\site-packages\psutil\__init__.py", line 359, in _init
[Sun Nov 23 01:43:41 2025]
Error in rule mafft_align:
    message: None
    jobid: 123
    input: results/annotated/Chloroplast_Astasia_longa_#.fasta
    output: results/aligned/Chloroplast_Astasia_longa_#.aln.fasta
    shell:
        
        mkdir -p results/aligned
        mafft --auto results/annotated/Chloroplast_Astasia_longa_#.fasta > results/aligned/Chloroplast_Astasia_longa_#.aln.fasta
        
        (command exited with non-zero exit code)
[Sun Nov 23 01:43:41 2025]
Error in rule mafft_align:
    message: None
    jobid: 121
    input: results/annotated/Bacillus_subtilis_23S_#.fasta
    output: results/aligned/Bacillus_subtilis_23S_#.aln.fasta
    shell:
        
        mkdir -p results/aligned
        mafft --auto results/annotated/Bacillus_subtilis_23S_#.fasta > results/aligned/Bacillus_subtilis_23S_#.aln.fasta
        
        (command exited with non-zero exit code)
Execute 1 jobs...
[Sun Nov 23 01:43:42 2025]
localrule annotate:
    input: results/per_species/Trypanosoma_brucei_#.fasta
    output: results/annotated/Trypanosoma_brucei_#.fasta
    jobid: 116
    reason: Missing output files: results/annotated/Trypanosoma_brucei_#.fasta
    wildcards: species=Trypanosoma_brucei_#
    resources: tmpdir=C:\Users\Micro\AppData\Local\Temp
[Sun Nov 23 01:43:42 2025]
Finished jobid: 116 (Rule: annotate)
17 of 233 steps (7%) done
Shutting down, this might take some time.
Exiting because a job execution failed. Look below for error messages
[Sun Nov 23 01:43:42 2025]
Error in rule mafft_align:
    message: None
    jobid: 121
    input: results/annotated/Bacillus_subtilis_23S_#.fasta
    output: results/aligned/Bacillus_subtilis_23S_#.aln.fasta
    shell:
        
        mkdir -p results/aligned
        mafft --auto results/annotated/Bacillus_subtilis_23S_#.fasta > results/aligned/Bacillus_subtilis_23S_#.aln.fasta
        
        (command exited with non-zero exit code)
[Sun Nov 23 01:43:42 2025]
Error in rule mafft_align:
    message: None
    jobid: 123
    input: results/annotated/Chloroplast_Astasia_longa_#.fasta
    output: results/aligned/Chloroplast_Astasia_longa_#.aln.fasta
    shell:
        
        mkdir -p results/aligned
        mafft --auto results/annotated/Chloroplast_Astasia_longa_#.fasta > results/aligned/Chloroplast_Astasia_longa_#.aln.fasta
        
        (command exited with non-zero exit code)
[Sun Nov 23 01:43:42 2025]
Error in rule mafft_align:
    message: None
    jobid: 153
    input: results/annotated/Pirellula_marina_#.fasta
    output: results/aligned/Pirellula_marina_#.aln.fasta
    shell:
        
        mkdir -p results/aligned
        mafft --auto results/annotated/Pirellula_marina_#.fasta > results/aligned/Pirellula_marina_#.aln.fasta
        
        (command exited with non-zero exit code)
Complete log(s): C:\Users\Micro\OneDrive\Documents\AMARI LAMIS\Bio info\Tp Hpc\Tp2\.snakemake\log\2025-11-23T014337.395143.snakemake.log
WorkflowError:
At least one job did not complete successfully.
