Assuming unrestricted shared filesystem usage.
host: LAPTOP-E6EUI1RK
Building DAG of jobs...
Provided cores: 4
Rules claiming more threads will be scaled down.
Job stats:
job              count
-------------  -------
all                  1
annotate            58
iqtree_build        58
mafft_align         58
quality_check       58
total              233

Select jobs to execute...
Execute 4 jobs...
[Sun Nov 23 01:50:20 2025]
localrule annotate:
    input: results/per_species/Archaeoglobus_fulgidus_.fasta
    output: results/annotated/Archaeoglobus_fulgidus_.fasta
    jobid: 60
    reason: Missing output files: results/annotated/Archaeoglobus_fulgidus_.fasta
    wildcards: species=Archaeoglobus_fulgidus_
    resources: tmpdir=C:\Users\Micro\AppData\Local\Temp
[Sun Nov 23 01:50:20 2025]
localrule quality_check:
    input: results/per_species/Methanospirillum_hungatii_.fasta
    output: results/qc/Methanospirillum_hungatii_.qc.txt
    jobid: 30
    reason: Missing output files: results/qc/Methanospirillum_hungatii_.qc.txt
    wildcards: species=Methanospirillum_hungatii_
    resources: tmpdir=C:\Users\Micro\AppData\Local\Temp
[Sun Nov 23 01:50:20 2025]
localrule quality_check:
    input: results/per_species/Bacillus_stearothermophilus_.fasta
    output: results/qc/Bacillus_stearothermophilus_.qc.txt
    jobid: 3
    reason: Missing output files: results/qc/Bacillus_stearothermophilus_.qc.txt
    wildcards: species=Bacillus_stearothermophilus_
    resources: tmpdir=C:\Users\Micro\AppData\Local\Temp
[Sun Nov 23 01:50:20 2025]
localrule quality_check:
    input: results/per_species/Thermotoga_maritima_.fasta
    output: results/qc/Thermotoga_maritima_.qc.txt
    jobid: 55
    reason: Missing output files: results/qc/Thermotoga_maritima_.qc.txt
    wildcards: species=Thermotoga_maritima_
    resources: tmpdir=C:\Users\Micro\AppData\Local\Temp
[Sun Nov 23 01:50:20 2025]
Finished jobid: 60 (Rule: annotate)
1 of 233 steps (0.4%) done
[Sun Nov 23 01:50:20 2025]
Finished jobid: 30 (Rule: quality_check)
2 of 233 steps (1%) done
[Sun Nov 23 01:50:20 2025]
Finished jobid: 3 (Rule: quality_check)
3 of 233 steps (1%) done
Select jobs to execute...
Execute 3 jobs...
[Sun Nov 23 01:50:20 2025]
localrule annotate:
    input: results/per_species/Mus_musculus_.fasta
    output: results/annotated/Mus_musculus_.fasta
    jobid: 90
    reason: Missing output files: results/annotated/Mus_musculus_.fasta
    wildcards: species=Mus_musculus_
    resources: tmpdir=C:\Users\Micro\AppData\Local\Temp
[Sun Nov 23 01:50:20 2025]
localrule annotate:
    input: results/per_species/Bacillus_stearothermophilus_.fasta
    output: results/annotated/Bacillus_stearothermophilus_.fasta
    jobid: 61
    reason: Missing output files: results/annotated/Bacillus_stearothermophilus_.fasta
    wildcards: species=Bacillus_stearothermophilus_
    resources: tmpdir=C:\Users\Micro\AppData\Local\Temp
[Sun Nov 23 01:50:20 2025]
localrule annotate:
    input: results/per_species/Physarum_polycephalum_.fasta
    output: results/annotated/Physarum_polycephalum_.fasta
    jobid: 93
    reason: Missing output files: results/annotated/Physarum_polycephalum_.fasta
    wildcards: species=Physarum_polycephalum_
    resources: tmpdir=C:\Users\Micro\AppData\Local\Temp
[Sun Nov 23 01:50:20 2025]
Finished jobid: 55 (Rule: quality_check)
4 of 233 steps (2%) done
[Sun Nov 23 01:50:20 2025]
Finished jobid: 90 (Rule: annotate)
5 of 233 steps (2%) done
[Sun Nov 23 01:50:20 2025]
Finished jobid: 61 (Rule: annotate)
6 of 233 steps (3%) done
Select jobs to execute...
Execute 3 jobs...
[Sun Nov 23 01:50:20 2025]
localrule quality_check:
    input: results/per_species/Micrococcus_luteus_.fasta
    output: results/qc/Micrococcus_luteus_.qc.txt
    jobid: 31
    reason: Missing output files: results/qc/Micrococcus_luteus_.qc.txt
    wildcards: species=Micrococcus_luteus_
    resources: tmpdir=C:\Users\Micro\AppData\Local\Temp
[Sun Nov 23 01:50:20 2025]
localrule annotate:
    input: results/per_species/Mycobacterium_leprae_.fasta
    output: results/annotated/Mycobacterium_leprae_.fasta
    jobid: 91
    reason: Missing output files: results/annotated/Mycobacterium_leprae_.fasta
    wildcards: species=Mycobacterium_leprae_
    resources: tmpdir=C:\Users\Micro\AppData\Local\Temp
[Sun Nov 23 01:50:20 2025]
localrule quality_check:
    input: results/per_species/Oryza_sativa_.fasta
    output: results/qc/Oryza_sativa_.qc.txt
    jobid: 34
    reason: Missing output files: results/qc/Oryza_sativa_.qc.txt
    wildcards: species=Oryza_sativa_
    resources: tmpdir=C:\Users\Micro\AppData\Local\Temp
[Sun Nov 23 01:50:20 2025]
Finished jobid: 93 (Rule: annotate)
7 of 233 steps (3%) done
[Sun Nov 23 01:50:20 2025]
Finished jobid: 31 (Rule: quality_check)
8 of 233 steps (3%) done
[Sun Nov 23 01:50:20 2025]
Finished jobid: 91 (Rule: annotate)
9 of 233 steps (4%) done
Select jobs to execute...
Execute 3 jobs...
[Sun Nov 23 01:50:20 2025]
localrule mafft_align:
    input: results/annotated/Physarum_polycephalum_.fasta
    output: results/aligned/Physarum_polycephalum_.aln.fasta
    jobid: 151
    benchmark: benchmarks/mafft_Physarum_polycephalum_.txt
    reason: Missing output files: results/aligned/Physarum_polycephalum_.aln.fasta; Input files updated by another job: results/annotated/Physarum_polycephalum_.fasta
    wildcards: species=Physarum_polycephalum_
    resources: tmpdir=C:\Users\Micro\AppData\Local\Temp
[Sun Nov 23 01:50:20 2025]
localrule annotate:
    input: results/per_species/Bacillus_subtilis_23S_.fasta
    output: results/annotated/Bacillus_subtilis_23S_.fasta
    jobid: 62
    reason: Missing output files: results/annotated/Bacillus_subtilis_23S_.fasta
    wildcards: species=Bacillus_subtilis_23S_
    resources: tmpdir=C:\Users\Micro\AppData\Local\Temp
[Sun Nov 23 01:50:20 2025]
localrule quality_check:
    input: results/per_species/Caenorhabditis_elegans_.fasta
    output: results/qc/Caenorhabditis_elegans_.qc.txt
    jobid: 5
    reason: Missing output files: results/qc/Caenorhabditis_elegans_.qc.txt
    wildcards: species=Caenorhabditis_elegans_
    resources: tmpdir=C:\Users\Micro\AppData\Local\Temp
[Sun Nov 23 01:50:20 2025]
Finished jobid: 34 (Rule: quality_check)
10 of 233 steps (4%) done
[Sun Nov 23 01:50:20 2025]
Finished jobid: 62 (Rule: annotate)
11 of 233 steps (5%) done
Select jobs to execute...
RuleException:
NoSuchProcess in file "C:\Users\Micro\OneDrive\Documents\AMARI LAMIS\Bio info\Tp Hpc\Tp2\Snakefile", line 76:
process PID not found (pid=15696)
  File "C:\Users\Micro\miniconda3\envs\snakemake-env\Lib\site-packages\psutil\__init__.py", line 313, in __init__
  File "C:\Users\Micro\miniconda3\envs\snakemake-env\Lib\site-packages\psutil\__init__.py", line 359, in _init
[Sun Nov 23 01:50:20 2025]
Error in rule mafft_align:
    message: None
    jobid: 151
    input: results/annotated/Physarum_polycephalum_.fasta
    output: results/aligned/Physarum_polycephalum_.aln.fasta
    shell:
        
        mkdir -p results/aligned
        mafft --auto results/annotated/Physarum_polycephalum_.fasta > results/aligned/Physarum_polycephalum_.aln.fasta
        
        (command exited with non-zero exit code)
Execute 2 jobs...
[Sun Nov 23 01:50:20 2025]
localrule mafft_align:
    input: results/annotated/Bacillus_subtilis_23S_.fasta
    output: results/aligned/Bacillus_subtilis_23S_.aln.fasta
    jobid: 120
    benchmark: benchmarks/mafft_Bacillus_subtilis_23S_.txt
    reason: Missing output files: results/aligned/Bacillus_subtilis_23S_.aln.fasta; Input files updated by another job: results/annotated/Bacillus_subtilis_23S_.fasta
    wildcards: species=Bacillus_subtilis_23S_
    resources: tmpdir=C:\Users\Micro\AppData\Local\Temp
[Sun Nov 23 01:50:20 2025]
localrule quality_check:
    input: results/per_species/Archaeoglobus_fulgidus_.fasta
    output: results/qc/Archaeoglobus_fulgidus_.qc.txt
    jobid: 2
    reason: Missing output files: results/qc/Archaeoglobus_fulgidus_.qc.txt
    wildcards: species=Archaeoglobus_fulgidus_
    resources: tmpdir=C:\Users\Micro\AppData\Local\Temp
[Sun Nov 23 01:50:20 2025]
Finished jobid: 5 (Rule: quality_check)
12 of 233 steps (5%) done
[Sun Nov 23 01:50:20 2025]
Finished jobid: 2 (Rule: quality_check)
13 of 233 steps (6%) done
RuleException:
CalledProcessError in file "C:\Users\Micro\OneDrive\Documents\AMARI LAMIS\Bio info\Tp Hpc\Tp2\Snakefile", line 76:
Command 'mkdir -p results/aligned
        mafft --auto results/annotated/Bacillus_subtilis_23S_.fasta > results/aligned/Bacillus_subtilis_23S_.aln.fasta' returned non-zero exit status 1.
[Sun Nov 23 01:50:20 2025]
Error in rule mafft_align:
    message: None
    jobid: 120
    input: results/annotated/Bacillus_subtilis_23S_.fasta
    output: results/aligned/Bacillus_subtilis_23S_.aln.fasta
    shell:
        
        mkdir -p results/aligned
        mafft --auto results/annotated/Bacillus_subtilis_23S_.fasta > results/aligned/Bacillus_subtilis_23S_.aln.fasta
        
        (command exited with non-zero exit code)
Shutting down, this might take some time.
Exiting because a job execution failed. Look below for error messages
[Sun Nov 23 01:50:20 2025]
Error in rule mafft_align:
    message: None
    jobid: 120
    input: results/annotated/Bacillus_subtilis_23S_.fasta
    output: results/aligned/Bacillus_subtilis_23S_.aln.fasta
    shell:
        
        mkdir -p results/aligned
        mafft --auto results/annotated/Bacillus_subtilis_23S_.fasta > results/aligned/Bacillus_subtilis_23S_.aln.fasta
        
        (command exited with non-zero exit code)
[Sun Nov 23 01:50:20 2025]
Error in rule mafft_align:
    message: None
    jobid: 151
    input: results/annotated/Physarum_polycephalum_.fasta
    output: results/aligned/Physarum_polycephalum_.aln.fasta
    shell:
        
        mkdir -p results/aligned
        mafft --auto results/annotated/Physarum_polycephalum_.fasta > results/aligned/Physarum_polycephalum_.aln.fasta
        
        (command exited with non-zero exit code)
Complete log(s): C:\Users\Micro\OneDrive\Documents\AMARI LAMIS\Bio info\Tp Hpc\Tp2\.snakemake\log\2025-11-23T015019.730692.snakemake.log
WorkflowError:
At least one job did not complete successfully.
